This is pdfTeX, Version 3.1415926-2.3-1.40.12 (MiKTeX 2.9) (preloaded format=pdflatex 2019.1.8)  27 FEB 2021 14:31
entering extended mode
**graduation.tex
(D:\ctexæ–‡ä»¶\æ¯•ä¸šè®¾è®¡\graduation.tex
LaTeX2e <2011/06/27>
Babel <v3.8m> and hyphenation patterns for loaded.
(D:\CTEX\MiKTeX\tex\latex\base\article.cls
Document Class: article 2007/10/19 v1.4h Standard LaTeX document class
(D:\CTEX\MiKTeX\tex\latex\base\size10.clo
File: size10.clo 2007/10/19 v1.4h Standard LaTeX file (size option)
)
\c@part=\count79
\c@section=\count80
\c@subsection=\count81
\c@subsubsection=\count82
\c@paragraph=\count83
\c@subparagraph=\count84
\c@figure=\count85
\c@table=\count86
\abovecaptionskip=\skip41
\belowcaptionskip=\skip42
\bibindent=\dimen102
)
(D:\CTEX\MiKTeX\tex\latex\geometry\geometry.sty
Package: geometry 2010/09/12 v5.6 Page Geometry

(D:\CTEX\MiKTeX\tex\latex\graphics\keyval.sty
Package: keyval 1999/03/16 v1.13 key=value parser (DPC)
\KV@toks@=\toks14
)
(D:\CTEX\MiKTeX\tex\generic\oberdiek\ifpdf.sty
Package: ifpdf 2011/01/30 v2.3 Provides the ifpdf switch (HO)
Package ifpdf Info: pdfTeX in PDF mode is detected.
)
(D:\CTEX\MiKTeX\tex\generic\oberdiek\ifvtex.sty
Package: ifvtex 2010/03/01 v1.5 Switches for detecting VTeX and its modes (HO)
Package ifvtex Info: VTeX not detected.
)
(D:\CTEX\MiKTeX\tex\generic\ifxetex\ifxetex.sty
Package: ifxetex 2010/09/12 v0.6 Provides ifxetex conditional
)
\Gm@cnth=\count87
\Gm@cntv=\count88
\c@Gm@tempcnt=\count89
\Gm@bindingoffset=\dimen103
\Gm@wd@mp=\dimen104
\Gm@odd@mp=\dimen105
\Gm@even@mp=\dimen106
\Gm@layoutwidth=\dimen107
\Gm@layoutheight=\dimen108
\Gm@layouthoffset=\dimen109
\Gm@layoutvoffset=\dimen110
\Gm@dimlist=\toks15

(D:\CTEX\MiKTeX\tex\latex\geometry\geometry.cfg))
(D:\CTEX\MiKTeX\tex\latex\ctex\CTEX.sty

LaTeX Warning: You have requested package `CTEX',
               but the package provides `ctex'.

Package: ctex 2011/03/11 v1.02c ctex macros package
(D:\CTEX\MiKTeX\tex\latex\ctex\opt\ctex-common-opts.def)
(D:\CTEX\CTeX\tex\latex\ctex\cfg\ctexopts.cfg)
(D:\CTEX\MiKTeX\tex\latex\ctex\def\ctex-common.def
(D:\CTEX\MiKTeX\tex\latex\l3kernel\expl3.sty
(D:\CTEX\MiKTeX\tex\latex\l3kernel\l3names.sty
(D:\CTEX\MiKTeX\tex\latex\l3kernel\l3bootstrap.sty
Package: l3bootstrap 2011/12/29 v3110 L3 Experimental bootstrap code
)
Package: l3names 2011/12/30 v3113 L3 Experimental namespace for primitives
)
(D:\CTEX\MiKTeX\tex\latex\misc\etex.sty
Package: etex 1998/03/26 v2.0 eTeX basic definition package (PEB)
\et@xins=\count90
)
Package: expl3 2012/02/26 v3471 L3 Experimental code bundle wrapper

(D:\CTEX\MiKTeX\tex\latex\graphics\color.sty
Package: color 2005/11/14 v1.0j Standard LaTeX Color (DPC)

(D:\CTEX\MiKTeX\tex\latex\00miktex\color.cfg
File: color.cfg 2007/01/18 v1.5 color configuration of teTeX/TeXLive
)
Package color Info: Driver file: pdftex.def on input line 130.

(D:\CTEX\MiKTeX\tex\latex\pdftex-def\pdftex.def
File: pdftex.def 2011/05/27 v0.06d Graphics/color for pdfTeX

(D:\CTEX\MiKTeX\tex\generic\oberdiek\infwarerr.sty
Package: infwarerr 2010/04/08 v1.3 Providing info/warning/message (HO)
)
(D:\CTEX\MiKTeX\tex\generic\oberdiek\ltxcmds.sty
Package: ltxcmds 2011/04/18 v1.20 LaTeX kernel commands for general use (HO)
)
\Gread@gobject=\count91
))
(D:\CTEX\MiKTeX\tex\latex\graphics\graphics.sty
Package: graphics 2009/02/05 v1.0o Standard LaTeX Graphics (DPC,SPQR)

(D:\CTEX\MiKTeX\tex\latex\graphics\trig.sty
Package: trig 1999/03/16 v1.09 sin cos tan (DPC)
)
(D:\CTEX\MiKTeX\tex\latex\00miktex\graphics.cfg
File: graphics.cfg 2007/01/18 v1.5 graphics configuration of teTeX/TeXLive
)
Package graphics Info: Driver file: pdftex.def on input line 91.
)
(D:\CTEX\MiKTeX\tex\latex\l3kernel\l3basics.sty
Package: l3basics 2012/02/26 v3460 L3 Experimental basic definitions
)
(D:\CTEX\MiKTeX\tex\latex\l3kernel\l3expan.sty
Package: l3expan 2012/02/26 v3460 L3 Experimental argument expansion
)
(D:\CTEX\MiKTeX\tex\latex\l3kernel\l3tl.sty
Package: l3tl 2012/02/26 v3460 L3 Experimental token lists
)
(D:\CTEX\MiKTeX\tex\latex\l3kernel\l3seq.sty
Package: l3seq 2012/01/09 v3158 L3 Experimental sequences and stacks
)
(D:\CTEX\MiKTeX\tex\latex\l3kernel\l3int.sty
Package: l3int 2012/02/26 v3460 L3 Experimental integers
\c_max_int=\count92
\l_tmpa_int=\count93
\l_tmpb_int=\count94
\l_tmpc_int=\count95
\g_tmpa_int=\count96
\g_tmpb_int=\count97
)
(D:\CTEX\MiKTeX\tex\latex\l3kernel\l3quark.sty
Package: l3quark 2012/02/12 v3384 L3 Experimental quarks
)
(D:\CTEX\MiKTeX\tex\latex\l3kernel\l3prg.sty
Package: l3prg 2012/02/26 v3464 L3 Experimental control structures
\g_prg_map_int=\count98
)
(D:\CTEX\MiKTeX\tex\latex\l3kernel\l3clist.sty
Package: l3clist 2012/02/26 v3460 L3 Experimental comma separated lists
)
(D:\CTEX\MiKTeX\tex\latex\l3kernel\l3token.sty
Package: l3token 2012/02/26 v3460 L3 Experimental token manipulation
)
(D:\CTEX\MiKTeX\tex\latex\l3kernel\l3prop.sty
Package: l3prop 2012/02/26 v3460 L3 Experimental property lists
)
(D:\CTEX\MiKTeX\tex\latex\l3kernel\l3msg.sty
Package: l3msg 2012/02/26 v3470 L3 Experimental messages
)
(D:\CTEX\MiKTeX\tex\latex\l3kernel\l3file.sty
Package: l3file 2012/02/26 v3464 L3 Experimental file and I/O operations
\l_iow_stream_int=\count99
\l_iow_line_length_int=\count100
\l_iow_target_length_int=\count101
\l_iow_current_line_int=\count102
\l_iow_current_word_int=\count103
\l_iow_current_indentation_int=\count104
)
(D:\CTEX\MiKTeX\tex\latex\l3kernel\l3skip.sty
Package: l3skip 2012/02/26 v3460 L3 Experimental dimensions and skips
\l_tmpa_dim=\dimen111
\l_tmpb_dim=\dimen112
\l_tmpc_dim=\dimen113
\g_tmpa_dim=\dimen114
\g_tmpb_dim=\dimen115
\l_tmpa_skip=\skip43
\l_tmpb_skip=\skip44
\l_tmpc_skip=\skip45
\g_tmpa_skip=\skip46
\g_tmpb_skip=\skip47
)
(D:\CTEX\MiKTeX\tex\latex\l3kernel\l3keys.sty
Package: l3keys 2011/12/22 v3086 L3 Experimental key-value interfaces
\g_keyval_level_int=\count105
\l_keys_choice_int=\count106
)
(D:\CTEX\MiKTeX\tex\latex\l3kernel\l3fp.sty
Package: l3fp 2012/02/06 v3315 L3 Experimental floating-point operations
\c_one_million=\count107
\c_one_hundred_million=\count108
\c_five_hundred_million=\count109
\c_one_thousand_million=\count110
\c_fp_pi_by_four_decimal_int=\count111
\c_fp_pi_by_four_extended_int=\count112
\c_fp_pi_decimal_int=\count113
\c_fp_pi_extended_int=\count114
\c_fp_two_pi_decimal_int=\count115
\c_fp_two_pi_extended_int=\count116
\l_fp_count_int=\count117
\l_fp_div_offset_int=\count118
\l_fp_exp_integer_int=\count119
\l_fp_exp_decimal_int=\count120
\l_fp_exp_extended_int=\count121
\l_fp_exp_exponent_int=\count122
\l_fp_input_a_sign_int=\count123
\l_fp_input_a_integer_int=\count124
\l_fp_input_a_decimal_int=\count125
\l_fp_input_a_exponent_int=\count126
\l_fp_input_b_sign_int=\count127
\l_fp_input_b_integer_int=\count128
\l_fp_input_b_decimal_int=\count129
\l_fp_input_b_exponent_int=\count130
\l_fp_input_a_extended_int=\count131
\l_fp_input_b_extended_int=\count132
\l_fp_mul_a_i_int=\count133
\l_fp_mul_a_ii_int=\count134
\l_fp_mul_a_iii_int=\count135
\l_fp_mul_a_iv_int=\count136
\l_fp_mul_a_v_int=\count137
\l_fp_mul_a_vi_int=\count138
\l_fp_mul_b_i_int=\count139
\l_fp_mul_b_ii_int=\count140
\l_fp_mul_b_iii_int=\count141
\l_fp_mul_b_iv_int=\count142
\l_fp_mul_b_v_int=\count143
\l_fp_mul_b_vi_int=\count144
\l_fp_mul_output_int=\count145
\l_fp_output_sign_int=\count146
\l_fp_output_integer_int=\count147
\l_fp_output_decimal_int=\count148
\l_fp_output_exponent_int=\count149
\l_fp_output_extended_int=\count150
\l_fp_round_position_int=\count151
\l_fp_round_target_int=\count152
\l_fp_split_sign_int=\count153
\l_fp_internal_int=\count154
\l_fp_trig_octant_int=\count155
\l_fp_trig_sign_int=\count156
\l_fp_trig_decimal_int=\count157
\l_fp_trig_extended_int=\count158
\l_fp_internal_dim=\dimen116
\l_fp_internal_skip=\skip48
)
(D:\CTEX\MiKTeX\tex\latex\l3kernel\l3box.sty
Package: l3box 2012/02/18 v3432 L3 Experimental boxes
\l_tmpb_box=\box26
\l_box_top_dim=\dimen117
\l_box_bottom_dim=\dimen118
\l_box_left_dim=\dimen119
\l_box_right_dim=\dimen120
\l_box_top_new_dim=\dimen121
\l_box_bottom_new_dim=\dimen122
\l_box_left_new_dim=\dimen123
\l_box_right_new_dim=\dimen124
\l_box_internal_box=\box27
)
(D:\CTEX\MiKTeX\tex\latex\l3kernel\l3coffins.sty
Package: l3coffins 2012/02/26 v3460 L3 Experimental coffin code layer
\l_coffin_internal_box=\box28
\l_coffin_internal_dim=\dimen125
\l_coffin_offset_x_dim=\dimen126
\l_coffin_offset_y_dim=\dimen127
\l_coffin_x_dim=\dimen128
\l_coffin_y_dim=\dimen129
\l_coffin_x_prime_dim=\dimen130
\l_coffin_y_prime_dim=\dimen131
\l_coffin_Depth_dim=\dimen132
\l_coffin_Height_dim=\dimen133
\l_coffin_TotalHeight_dim=\dimen134
\l_coffin_Width_dim=\dimen135
\c_empty_coffin=\box29
\l_coffin_aligned_coffin=\box30
\l_coffin_aligned_internal_coffin=\box31
\l_coffin_bounding_shift_dim=\dimen136
\l_coffin_left_corner_dim=\dimen137
\l_coffin_right_corner_dim=\dimen138
\l_coffin_bottom_corner_dim=\dimen139
\l_coffin_top_corner_dim=\dimen140
\l_coffin_scaled_total_height_dim=\dimen141
\l_coffin_scaled_width_dim=\dimen142
\l_coffin_display_coffin=\box32
\l_coffin_display_coord_coffin=\box33
\l_coffin_display_pole_coffin=\box34
\l_coffin_display_offset_dim=\dimen143
\l_coffin_display_x_dim=\dimen144
\l_coffin_display_y_dim=\dimen145
)
(D:\CTEX\MiKTeX\tex\latex\l3kernel\l3color.sty
Package: l3color 2011/09/07 v2776 L3 Experimental colour support
)
(D:\CTEX\MiKTeX\tex\latex\l3kernel\l3luatex.sty
Package: l3luatex 2012/02/09 v3355 L3 Experimental LuaTeX-specific functions
\g_cctab_allocate_int=\count159
\g_cctab_stack_int=\count160
))
(D:\CTEX\MiKTeX\tex\latex\etoolbox\etoolbox.sty
Package: etoolbox 2011/01/03 v2.1 e-TeX tools for LaTeX
\etb@tempcnta=\count161
)
(D:\CTEX\MiKTeX\tex\latex\tools\indentfirst.sty
Package: indentfirst 1995/11/23 v1.03 Indent first paragraph (DPC)
)
(D:\CTEX\MiKTeX\tex\latex\base\fix-cm.sty
Package: fix-cm 2006/09/13 v1.1m fixes to LaTeX

(D:\CTEX\MiKTeX\tex\latex\base\ts1enc.def
File: ts1enc.def 2001/06/05 v3.0e (jk/car/fm) Standard LaTeX file
))
(D:\CTEX\MiKTeX\tex\latex\ctex\engine\ctex-cjk-engine.def
(D:\CTEX\MiKTeX\tex\latex\cjk\CJK.sty
Package: CJK 2008/12/29 4.8.2

(D:\CTEX\MiKTeX\tex\latex\cjk\mule\MULEenc.sty
Package: MULEenc 2008/12/29 4.8.2
)
(D:\CTEX\MiKTeX\tex\latex\cjk\CJK.enc
File: CJK.enc 2008/12/29 4.8.2
)
LaTeX Info: Redefining \selectfont on input line 756.
\CJK@indent=\box35
)
(D:\CTEX\CTeX\tex\latex\CJKpunct\CJKpunct.sty
Package: CJKpunct 2010/02/21 4.8.2-2
\CJKpunct@cnta=\count162
\CJKpunct@cntb=\count163
\CJKpunct@cntc=\count164
\CJKpunct@cntd=\count165
\CJKpunct@cnte=\count166

(D:\CTEX\CTeX\tex\latex\CJKpunct\CJKpunct.spa))
(D:\CTEX\MiKTeX\tex\latex\ctex\engine\ctex-cjk-common.def
\ccwd=\dimen146
)
(D:\CTEX\MiKTeX\tex\latex\ctex\fontset\ctex-cjk-winfonts.def
(D:\CTEX\MiKTeX\tex\generic\zhmetrics\zhwinfonts.tex
(D:\CTEX\MiKTeX\tex\generic\oberdiek\ifpdf.sty
Package ifpdf Info: The package is already loaded, stopped on input line 64.
){D:/CTEX/UserData/pdftex/config/pdftex.map{Unicode.sfd}{UGBK.sfd}})))
\CTEX@q=\count167
\CTEX@r=\count168
))
(D:\CTEX\MiKTeX\tex\latex\ctex\def\ctex-gbk.def)
(D:\CTEX\MiKTeX\tex\latex\ctex\cfg\ctex.cfg)
(D:\CTEX\MiKTeX\tex\latex\amsfonts\amsfonts.sty
Package: amsfonts 2009/06/22 v3.00 Basic AMSFonts support
\@emptytoks=\toks16
\symAMSa=\mathgroup4
\symAMSb=\mathgroup5
LaTeX Font Info:    Overwriting math alphabet `\mathfrak' in version `bold'
(Font)                  U/euf/m/n --> U/euf/b/n on input line 96.
)
(D:\CTEX\MiKTeX\tex\latex\ams\math\amsmath.sty
Package: amsmath 2000/07/18 v2.13 AMS math features
\@mathmargin=\skip49

For additional information on amsmath, use the `?' option.
(D:\CTEX\MiKTeX\tex\latex\ams\math\amstext.sty
Package: amstext 2000/06/29 v2.01

(D:\CTEX\MiKTeX\tex\latex\ams\math\amsgen.sty
File: amsgen.sty 1999/11/30 v2.0
\@emptytoks=\toks17
\ex@=\dimen147
))
(D:\CTEX\MiKTeX\tex\latex\ams\math\amsbsy.sty
Package: amsbsy 1999/11/29 v1.2d
\pmbraise@=\dimen148
)
(D:\CTEX\MiKTeX\tex\latex\ams\math\amsopn.sty
Package: amsopn 1999/12/14 v2.01 operator names
)
\inf@bad=\count169
LaTeX Info: Redefining \frac on input line 211.
\uproot@=\count170
\leftroot@=\count171
LaTeX Info: Redefining \overline on input line 307.
\classnum@=\count172
\DOTSCASE@=\count173
LaTeX Info: Redefining \ldots on input line 379.
LaTeX Info: Redefining \dots on input line 382.
LaTeX Info: Redefining \cdots on input line 467.
\Mathstrutbox@=\box36
\strutbox@=\box37
\big@size=\dimen149
LaTeX Font Info:    Redeclaring font encoding OML on input line 567.
LaTeX Font Info:    Redeclaring font encoding OMS on input line 568.
\macc@depth=\count174
\c@MaxMatrixCols=\count175
\dotsspace@=\muskip10
\c@parentequation=\count176
\dspbrk@lvl=\count177
\tag@help=\toks18
\row@=\count178
\column@=\count179
\maxfields@=\count180
\andhelp@=\toks19
\eqnshift@=\dimen150
\alignsep@=\dimen151
\tagshift@=\dimen152
\tagwidth@=\dimen153
\totwidth@=\dimen154
\lineht@=\dimen155
\@envbody=\toks20
\multlinegap=\skip50
\multlinetaggap=\skip51
\mathdisplay@stack=\toks21
LaTeX Info: Redefining \[ on input line 2666.
LaTeX Info: Redefining \] on input line 2667.
)
(D:\CTEX\MiKTeX\tex\latex\amsfonts\amssymb.sty
Package: amssymb 2009/06/22 v3.00
)
(D:\CTEX\MiKTeX\tex\latex\ams\classes\amsthm.sty
Package: amsthm 2004/08/06 v2.20
\thm@style=\toks22
\thm@bodyfont=\toks23
\thm@headfont=\toks24
\thm@notefont=\toks25
\thm@headpunct=\toks26
\thm@preskip=\skip52
\thm@postskip=\skip53
\thm@headsep=\skip54
\dth@everypar=\toks27
)
(D:\CTEX\MiKTeX\tex\latex\tools\enumerate.sty
Package: enumerate 1999/03/05 v3.00 enumerate extensions (DPC)
\@enLab=\toks28
)
(D:\CTEX\MiKTeX\tex\latex\graphics\graphicx.sty
Package: graphicx 1999/02/16 v1.0f Enhanced LaTeX Graphics (DPC,SPQR)
\Gin@req@height=\dimen156
\Gin@req@width=\dimen157
)
(D:\CTEX\MiKTeX\tex\latex\tools\multicol.sty
Package: multicol 2011/06/27 v1.7a multicolumn formatting (FMi)
\c@tracingmulticols=\count181
\mult@box=\box38
\multicol@leftmargin=\dimen158
\c@unbalance=\count182
\c@collectmore=\count183
\doublecol@number=\count184
\multicoltolerance=\count185
\multicolpretolerance=\count186
\full@width=\dimen159
\page@free=\dimen160
\premulticols=\dimen161
\postmulticols=\dimen162
\multicolsep=\skip55
\multicolbaselineskip=\skip56
\partial@page=\box39
\last@line=\box40
\mult@rightbox=\box41
\mult@grightbox=\box42
\mult@gfirstbox=\box43
\mult@firstbox=\box44
\@tempa=\box45
\@tempa=\box46
\@tempa=\box47
\@tempa=\box48
\@tempa=\box49
\@tempa=\box50
\@tempa=\box51
\@tempa=\box52
\@tempa=\box53
\@tempa=\box54
\@tempa=\box55
\@tempa=\box56
\@tempa=\box57
\@tempa=\box58
\@tempa=\box59
\@tempa=\box60
\@tempa=\box61
\c@columnbadness=\count187
\c@finalcolumnbadness=\count188
\last@try=\dimen163
\multicolovershoot=\dimen164
\multicolundershoot=\dimen165
\mult@nat@firstbox=\box62
\colbreak@box=\box63
\multicol@sort@counter=\count189
)
(D:\CTEX\MiKTeX\tex\latex\fancyhdr\fancyhdr.sty
\fancy@headwidth=\skip57
\f@ncyO@elh=\skip58
\f@ncyO@erh=\skip59
\f@ncyO@olh=\skip60
\f@ncyO@orh=\skip61
\f@ncyO@elf=\skip62
\f@ncyO@erf=\skip63
\f@ncyO@olf=\skip64
\f@ncyO@orf=\skip65
)
(D:\CTEX\MiKTeX\tex\latex\tools\layout.sty
Package: layout 2000/09/25 v1.2c Show layout parameters
\oneinch=\count190
\cnt@paperwidth=\count191
\cnt@paperheight=\count192
\cnt@hoffset=\count193
\cnt@voffset=\count194
\cnt@textheight=\count195
\cnt@textwidth=\count196
\cnt@topmargin=\count197
\cnt@oddsidemargin=\count198
\cnt@evensidemargin=\count199
\cnt@headheight=\count200
\cnt@headsep=\count201
Normal \count register pool exhausted, switching to extended pool.
\cnt@marginparsep=\count277
\cnt@marginparwidth=\count278
\cnt@marginparpush=\count279
\cnt@footskip=\count280
\fheight=\count281
\ref@top=\count282
\ref@hoffset=\count283
\ref@voffset=\count284
\ref@head=\count285
\ref@body=\count286
\ref@foot=\count287
\ref@margin=\count288
\ref@marginwidth=\count289
\ref@marginpar=\count290
\Interval=\count291
\ExtraYPos=\count292
\PositionX=\count293
\PositionY=\count294
\ArrowLength=\count295
)
(D:\CTEX\MiKTeX\tex\latex\setspace\setspace.sty
Package: setspace 2011/12/19 v6.7a set line spacing
)
(D:\CTEX\MiKTeX\tex\latex\pdfpages\pdfpages.sty
Package: pdfpages 2011/03/10 v0.4n Insert pages of external PDF documents (AM)

(D:\CTEX\MiKTeX\tex\latex\base\ifthen.sty
Package: ifthen 2001/05/26 v1.1c Standard LaTeX ifthen package (DPC)
)
(D:\CTEX\MiKTeX\tex\latex\tools\calc.sty
Package: calc 2007/08/22 v4.3 Infix arithmetic (KKT,FJ)
\calc@Acount=\count296
\calc@Bcount=\count297
\calc@Adimen=\dimen166
\calc@Bdimen=\dimen167
\calc@Askip=\skip66
\calc@Bskip=\skip67
LaTeX Info: Redefining \setlength on input line 76.
LaTeX Info: Redefining \addtolength on input line 77.
\calc@Ccount=\count298
\calc@Cskip=\skip68
)
(D:\CTEX\MiKTeX\tex\latex\eso-pic\eso-pic.sty
Package: eso-pic 2010/10/06 v2.0c eso-pic (RN)

(D:\CTEX\MiKTeX\tex\generic\oberdiek\atbegshi.sty
Package: atbegshi 2011/01/30 v1.15 At begin shipout hook (HO)
))
(D:\CTEX\MiKTeX\tex\latex\pdfpages\pppdftex.def
File: pppdftex.def 2011/03/10 v0.4n Pdfpages driver for pdfTeX (AM)
)
\AM@pagebox=\box64
\AM@toc@title=\toks29
\c@AM@survey=\count299
\AM@templatesizebox=\box65
)
(D:\CTEX\MiKTeX\tex\latex\caption\caption.sty
Package: caption 2011/11/10 v3.2e Customizing captions (AR)

(D:\CTEX\MiKTeX\tex\latex\caption\caption3.sty
Package: caption3 2011/11/01 v1.4a caption3 kernel (AR)
\captionmargin=\dimen168
\captionmargin@=\dimen169
\captionwidth=\dimen170
\caption@indent=\dimen171
\caption@parindent=\dimen172
\caption@hangindent=\dimen173
)
\c@ContinuedFloat=\count300
)
(D:\CTEX\MiKTeX\tex\latex\caption\subcaption.sty
Package: subcaption 2011/10/30 v1.1c Sub-captions (AR)
\c@subfigure=\count301
\c@subtable=\count302
)
\c@theorem=\count303
\c@lemma=\count304
\c@definition=\count305

(D:\ctexæ–‡ä»¶\æ¯•ä¸šè®¾è®¡\graduation.aux)
LaTeX Font Info:    Checking defaults for OML/cmm/m/it on input line 50.
LaTeX Font Info:    ... okay on input line 50.
LaTeX Font Info:    Checking defaults for T1/cmr/m/n on input line 50.
LaTeX Font Info:    ... okay on input line 50.
LaTeX Font Info:    Checking defaults for OT1/cmr/m/n on input line 50.
LaTeX Font Info:    ... okay on input line 50.
LaTeX Font Info:    Checking defaults for OMS/cmsy/m/n on input line 50.
LaTeX Font Info:    ... okay on input line 50.
LaTeX Font Info:    Checking defaults for OMX/cmex/m/n on input line 50.
LaTeX Font Info:    ... okay on input line 50.
LaTeX Font Info:    Checking defaults for U/cmr/m/n on input line 50.
LaTeX Font Info:    ... okay on input line 50.
LaTeX Font Info:    Checking defaults for TS1/cmr/m/n on input line 50.
LaTeX Font Info:    ... okay on input line 50.
LaTeX Font Info:    Checking defaults for C00/song/m/n on input line 50.
LaTeX Font Info:    ... okay on input line 50.
LaTeX Font Info:    Checking defaults for C05/song/m/n on input line 50.
LaTeX Font Info:    ... okay on input line 50.
LaTeX Font Info:    Checking defaults for C09/song/m/n on input line 50.
LaTeX Font Info:    ... okay on input line 50.
LaTeX Font Info:    Checking defaults for C10/song/m/n on input line 50.
LaTeX Font Info:    ... okay on input line 50.
LaTeX Font Info:    Checking defaults for C20/song/m/n on input line 50.
LaTeX Font Info:    ... okay on input line 50.
LaTeX Font Info:    Checking defaults for C19/song/m/n on input line 50.
LaTeX Font Info:    ... okay on input line 50.
LaTeX Font Info:    Checking defaults for C40/song/m/n on input line 50.
LaTeX Font Info:    ... okay on input line 50.
LaTeX Font Info:    Checking defaults for C42/song/m/n on input line 50.
LaTeX Font Info:    ... okay on input line 50.
LaTeX Font Info:    Checking defaults for C43/song/m/n on input line 50.
LaTeX Font Info:    ... okay on input line 50.
LaTeX Font Info:    Checking defaults for C50/song/m/n on input line 50.
LaTeX Font Info:    ... okay on input line 50.
LaTeX Font Info:    Checking defaults for C52/song/m/n on input line 50.
LaTeX Font Info:    ... okay on input line 50.
LaTeX Font Info:    Checking defaults for C49/song/m/n on input line 50.
LaTeX Font Info:    ... okay on input line 50.
LaTeX Font Info:    Checking defaults for C60/mj/m/n on input line 50.
LaTeX Font Info:    ... okay on input line 50.
LaTeX Font Info:    Checking defaults for C61/mj/m/n on input line 50.
LaTeX Font Info:    ... okay on input line 50.
LaTeX Font Info:    Checking defaults for C63/mj/m/n on input line 50.
LaTeX Font Info:    ... okay on input line 50.
LaTeX Font Info:    Checking defaults for C64/mj/m/n on input line 50.
LaTeX Font Info:    ... okay on input line 50.
LaTeX Font Info:    Checking defaults for C65/mj/m/n on input line 50.
LaTeX Font Info:    ... okay on input line 50.
LaTeX Font Info:    Checking defaults for C70/song/m/n on input line 50.
LaTeX Font Info:    ... okay on input line 50.
LaTeX Font Info:    Checking defaults for C31/song/m/n on input line 50.
LaTeX Font Info:    ... okay on input line 50.
LaTeX Font Info:    Checking defaults for C32/song/m/n on input line 50.
LaTeX Font Info:    ... okay on input line 50.
LaTeX Font Info:    Checking defaults for C33/song/m/n on input line 50.
LaTeX Font Info:    ... okay on input line 50.
LaTeX Font Info:    Checking defaults for C34/song/m/n on input line 50.
LaTeX Font Info:    ... okay on input line 50.
LaTeX Font Info:    Checking defaults for C35/song/m/n on input line 50.
LaTeX Font Info:    ... okay on input line 50.
LaTeX Font Info:    Checking defaults for C36/song/m/n on input line 50.
LaTeX Font Info:    ... okay on input line 50.
LaTeX Font Info:    Checking defaults for C37/song/m/n on input line 50.
LaTeX Font Info:    ... okay on input line 50.
LaTeX Font Info:    Checking defaults for C80/song/m/n on input line 50.
LaTeX Font Info:    ... okay on input line 50.
LaTeX Font Info:    Checking defaults for C81/song/m/n on input line 50.
LaTeX Font Info:    ... okay on input line 50.
LaTeX Font Info:    Checking defaults for C01/song/m/n on input line 50.
LaTeX Font Info:    ... okay on input line 50.
LaTeX Font Info:    Checking defaults for C11/song/m/n on input line 50.
LaTeX Font Info:    ... okay on input line 50.
LaTeX Font Info:    Checking defaults for C21/song/m/n on input line 50.
LaTeX Font Info:    ... okay on input line 50.
LaTeX Font Info:    Checking defaults for C41/song/m/n on input line 50.
LaTeX Font Info:    ... okay on input line 50.
LaTeX Font Info:    Checking defaults for C62/song/m/n on input line 50.
LaTeX Font Info:    ... okay on input line 50.

*geometry* driver: auto-detecting
*geometry* detected driver: pdftex
*geometry* verbose mode - [ preamble ] result:
* driver: pdftex
* paper: a4paper
* layout: <same size as paper>
* layoutoffset:(h,v)=(0.0pt,0.0pt)
* modes: twoside 
* h-part:(L,W,R)=(42.67912pt, 512.14963pt, 42.67912pt)
* v-part:(T,H,B)=(0.0pt, 816.5941pt, 28.45274pt)
* \paperwidth=597.50787pt
* \paperheight=845.04675pt
* \textwidth=512.14963pt
* \textheight=719.8548pt
* \oddsidemargin=-29.59087pt
* \evensidemargin=-29.59087pt
* \topmargin=-28.45274pt
* \headheight=12.0pt
* \headsep=25.0pt
* \topskip=10.0pt
* \footskip=30.0pt
* \marginparwidth=111.0pt
* \marginparsep=11.0pt
* \columnsep=10.0pt
* \skip\footins=9.0pt plus 4.0pt minus 2.0pt
* \hoffset=0.0pt
* \voffset=0.0pt
* \mag=1000
* \@twocolumnfalse
* \@twosidetrue
* \@mparswitchtrue
* \@reversemarginfalse
* (1in=72.27pt=25.4mm, 1cm=28.453pt)

(D:\CTEX\MiKTeX\tex\context\base\supp-pdf.mkii
[Loading MPS to PDF converter (version 2006.09.02).]
\scratchcounter=\count306
\scratchdimen=\dimen174
\scratchbox=\box66
\nofMPsegments=\count307
\nofMParguments=\count308
\everyMPshowfont=\toks30
\MPscratchCnt=\count309
\MPscratchDim=\dimen175
\MPnumerator=\count310
\makeMPintoPDFobject=\count311
\everyMPtoPDFconversion=\toks31
)
\AtBeginShipoutBox=\box67
Package caption Info: Begin \AtBeginDocument code.
Package caption Info: End \AtBeginDocument code.
 (D:\CTEX\MiKTeX\tex\latex\cjk\standard.bdg
File: standard.bdg 2008/12/29 4.8.2
)
(D:\CTEX\MiKTeX\tex\latex\cjk\extended.enc
File: extended.enc 2008/12/29 4.8.2
)
(D:\CTEX\MiKTeX\tex\latex\cjk\extended.chr
File: extended.chr 2008/12/29 4.8.2
)
<xiaohui.jpg, id=1, 385.44pt x 312.41719pt>
File: xiaohui.jpg Graphic file (type jpg)
 <use xiaohui.jpg>
Package pdftex.def Info: xiaohui.jpg used on input line 63.
(pdftex.def)             Requested size: 385.43906pt x 312.41641pt.
LaTeX Font Info:    Try loading font information for C19+zhhei on input line 69
.

(D:\CTEX\MiKTeX\tex\latex\zhmetrics\c19zhhei.fd
File: c19zhhei.fd 2009/09/23 4.8.2
)
LaTeX Font Info:    Try loading font information for C19+zhsong on input line 7
9.

(D:\CTEX\MiKTeX\tex\latex\zhmetrics\c19zhsong.fd
File: c19zhsong.fd 2009/09/23 4.8.2
)
Package CJKpunct Info: punctuation spaces for family 'zhsong' do not exist. Use
 family 'def' instead. on input line 79.
LaTeX Font Info:    Try loading font information for U+msa on input line 79.

(D:\CTEX\MiKTeX\tex\latex\amsfonts\umsa.fd
File: umsa.fd 2009/06/22 v3.00 AMS symbols A
)
LaTeX Font Info:    Try loading font information for U+msb on input line 79.

(D:\CTEX\MiKTeX\tex\latex\amsfonts\umsb.fd
File: umsb.fd 2009/06/22 v3.00 AMS symbols B
)
LaTeX Font Info:    Try loading font information for C19+rm on input line 94.

(D:\CTEX\MiKTeX\tex\latex\ctex\fd\c19rm.fd
File: c19rm.fd 2007/05/06 v0.8a ctex font definition file
) [1

 <D:/ctexæ–‡ä»¶/æ¯•ä¸šè®¾è®¡/xiaohui.jpg>] [2] (D:\ctexæ–‡ä»¶\æ¯•ä¸šè®¾è®¡\grad
uation.toc)
\tf@toc=\write3
 [3] [4] [5] [6]
Package CJKpunct Info: punctuation spaces for family 'zhkai' do not exist. Use 
family 'def' instead. on input line 202.

[7] <fig1.jpg, id=116, 339.51843pt x 154.32657pt>
File: fig1.jpg Graphic file (type jpg)
 <use fig1.jpg>
Package pdftex.def Info: fig1.jpg used on input line 271.
(pdftex.def)             Requested size: 256.07481pt x 116.40163pt.
 [8 <D:/ctexæ–‡ä»¶/æ¯•ä¸šè®¾è®¡/fig1.jpg>] <fig2.jpg, id=122, 325.215pt x 368.8
7813pt>
File: fig2.jpg Graphic file (type jpg)

<use fig2.jpg>
Package pdftex.def Info: fig2.jpg used on input line 335.
(pdftex.def)             Requested size: 256.07481pt x 290.47617pt.


LaTeX Warning: `h' float specifier changed to `ht'.

[9] [10 <D:/ctexæ–‡ä»¶/æ¯•ä¸šè®¾è®¡/fig2.jpg>]
Missing character: There is no § in font cmr10!

<fig3.jpg, id=135, 336.50719pt x 245.41687pt>
File: fig3.jpg Graphic file (type jpg)
 <use fig3.jpg>
Package pdftex.def Info: fig3.jpg used on input line 434.
(pdftex.def)             Requested size: 256.07481pt x 186.7584pt.


LaTeX Warning: `h' float specifier changed to `ht'.

[11] <fig4.jpg, id=139, 324.46219pt x 322.95656pt>
File: fig4.jpg Graphic file (type jpg)
 <use fig4.jpg>
Package pdftex.def Info: fig4.jpg used on input line 448.
(pdftex.def)             Requested size: 256.07481pt x 254.90126pt.

<fig5.jpg, id=140, 332.74312pt x 289.08pt>
File: fig5.jpg Graphic file (type jpg)
 <use fig5.jpg>
Package pdftex.def Info: fig5.jpg used on input line 465.
(pdftex.def)             Requested size: 256.07481pt x 222.48642pt.
 [12 <D:/ctexæ–‡ä»¶/æ¯•ä¸šè®¾è®¡/fig3.jpg> <D:/ctexæ–‡ä»¶/æ¯•ä¸šè®¾è®¡/fig4.jpg
>] [13 <D:/ctexæ–‡ä»¶/æ¯•ä¸šè®¾è®¡/fig5.jpg>]
Underfull \hbox (badness 10000) in paragraph at lines 478--479

 []


Underfull \hbox (badness 10000) in paragraph at lines 506--507

 []

[14] <list1.jpg, id=152, 466.74374pt x 410.2828pt>
File: list1.jpg Graphic file (type jpg)
 <use list1.jpg>
Package pdftex.def Info: list1.jpg used on input line 583.
(pdftex.def)             Requested size: 358.50317pt x 315.1487pt.


LaTeX Warning: `h' float specifier changed to `ht'.

[15] [16 <D:/ctexæ–‡ä»¶/æ¯•ä¸šè®¾è®¡/list1.jpg>]
Underfull \vbox (badness 10000) has occurred while \output is active []

 [17]
Underfull \hbox (badness 10000) in paragraph at lines 702--703

 []

<fig6.jpg, id=164, 325.96782pt x 351.56343pt>
File: fig6.jpg Graphic file (type jpg)
 <use fig6.jpg>
Package pdftex.def Info: fig6.jpg used on input line 706.
(pdftex.def)             Requested size: 256.07481pt x 276.2032pt.
 [18 <D:/ctexæ–‡ä»¶/æ¯•ä¸šè®¾è®¡/fig6.jpg>] <fig7.jpg, id=168, 339.51843pt x 27
2.51813pt>
File: fig7.jpg Graphic file (type jpg)

<use fig7.jpg>
Package pdftex.def Info: fig7.jpg used on input line 757.
(pdftex.def)             Requested size: 256.07481pt x 205.54825pt.


LaTeX Warning: `h' float specifier changed to `ht'.

[19] <table1.jpg, id=174, 339.51843pt x 221.32687pt>
File: table1.jpg Graphic file (type jpg)
 <use table1.jpg>
Package pdftex.def Info: table1.jpg used on input line 770.
(pdftex.def)             Requested size: 256.07481pt x 166.93695pt.

<fig8.jpg, id=175, 346.29375pt x 265.74281pt>
File: fig8.jpg Graphic file (type jpg)
 <use fig8.jpg>
Package pdftex.def Info: fig8.jpg used on input line 793.
(pdftex.def)             Requested size: 256.07481pt x 196.51279pt.


LaTeX Warning: `h' float specifier changed to `ht'.

[20 <D:/ctexæ–‡ä»¶/æ¯•ä¸šè®¾è®¡/fig7.jpg> <D:/ctexæ–‡ä»¶/æ¯•ä¸šè®¾è®¡/table1.jp
g>] [21 <D:/ctexæ–‡ä»¶/æ¯•ä¸šè®¾è®¡/fig8.jpg>]
<1.pdf, id=184, page=1, 553.06625pt x 749.80125pt>
File: 1.pdf Graphic file (type pdf)
 <use 1.pdf, page 1>
Package pdftex.def Info: 1.pdf, page1 used on input line 802.
(pdftex.def)             Requested size: 553.0649pt x 749.79942pt.
File: 1.pdf Graphic file (type pdf)

<use 1.pdf, page 1>
Package pdftex.def Info: 1.pdf, page1 used on input line 802.
(pdftex.def)             Requested size: 597.57271pt x 810.13942pt.
File: 1.pdf Graphic file (type pdf)
 <use 1.pdf, page 1>
Package pdftex.def Info: 1.pdf, page1 used on input line 802.
(pdftex.def)             Requested size: 597.57271pt x 810.13942pt.
File: 1.pdf Graphic file (type pdf)
 <use 1.pdf, page 1>
Package pdftex.def Info: 1.pdf, page1 used on input line 802.
(pdftex.def)             Requested size: 597.57271pt x 810.13942pt.
File: 1.pdf Graphic file (type pdf)

<use 1.pdf, page 1>
Package pdftex.def Info: 1.pdf, page1 used on input line 802.
(pdftex.def)             Requested size: 597.57271pt x 810.13942pt.
 [22 <D:/ctexæ–‡ä»¶/æ¯•ä¸šè®¾è®¡/1.pdf>]
<1.pdf, id=215, page=2, 553.06625pt x 704.6325pt>
File: 1.pdf Graphic file (type pdf)
 <use 1.pdf, page 2>
Package pdftex.def Info: 1.pdf, page2 used on input line 802.
(pdftex.def)             Requested size: 597.57271pt x 761.33585pt.
File: 1.pdf Graphic file (type pdf)

<use 1.pdf, page 2>
Package pdftex.def Info: 1.pdf, page2 used on input line 802.
(pdftex.def)             Requested size: 597.57271pt x 761.33585pt.
File: 1.pdf Graphic file (type pdf)
 <use 1.pdf, page 2>
Package pdftex.def Info: 1.pdf, page2 used on input line 802.
(pdftex.def)             Requested size: 597.57271pt x 761.33585pt.
 [23 <D:/ctexæ–‡ä»¶/æ¯•ä¸šè®¾è®¡/1.pdf>] <1.pdf, id=234, page=3, 553.06625pt x 
704.6325pt>
File: 1.pdf Graphic file (type pdf)
 <use 1.pdf, page 3>
Package pdftex.def Info: 1.pdf, page3 used on input line 802.
(pdftex.def)             Requested size: 597.57271pt x 761.33585pt.
File: 1.pdf Graphic file (type pdf)

<use 1.pdf, page 3>
Package pdftex.def Info: 1.pdf, page3 used on input line 802.
(pdftex.def)             Requested size: 597.57271pt x 761.33585pt.
File: 1.pdf Graphic file (type pdf)
 <use 1.pdf, page 3>
Package pdftex.def Info: 1.pdf, page3 used on input line 802.
(pdftex.def)             Requested size: 597.57271pt x 761.33585pt.
 [24 <D:/ctexæ–‡ä»¶/æ¯•ä¸šè®¾è®¡/1.pdf>] <1.pdf, id=239, page=4, 553.06625pt x 
704.6325pt>
File: 1.pdf Graphic file (type pdf)
 <use 1.pdf, page 4>
Package pdftex.def Info: 1.pdf, page4 used on input line 802.
(pdftex.def)             Requested size: 597.57271pt x 761.33585pt.
File: 1.pdf Graphic file (type pdf)

<use 1.pdf, page 4>
Package pdftex.def Info: 1.pdf, page4 used on input line 802.
(pdftex.def)             Requested size: 597.57271pt x 761.33585pt.
File: 1.pdf Graphic file (type pdf)
 <use 1.pdf, page 4>
Package pdftex.def Info: 1.pdf, page4 used on input line 802.
(pdftex.def)             Requested size: 597.57271pt x 761.33585pt.
 [25 <D:/ctexæ–‡ä»¶/æ¯•ä¸šè®¾è®¡/1.pdf>] <1.pdf, id=245, page=5, 553.06625pt x 
704.6325pt>
File: 1.pdf Graphic file (type pdf)
 <use 1.pdf, page 5>
Package pdftex.def Info: 1.pdf, page5 used on input line 802.
(pdftex.def)             Requested size: 597.57271pt x 761.33585pt.
File: 1.pdf Graphic file (type pdf)

<use 1.pdf, page 5>
Package pdftex.def Info: 1.pdf, page5 used on input line 802.
(pdftex.def)             Requested size: 597.57271pt x 761.33585pt.
File: 1.pdf Graphic file (type pdf)
 <use 1.pdf, page 5>
Package pdftex.def Info: 1.pdf, page5 used on input line 802.
(pdftex.def)             Requested size: 597.57271pt x 761.33585pt.
 [26 <D:/ctexæ–‡ä»¶/æ¯•ä¸šè®¾è®¡/1.pdf>] <1.pdf, id=249, page=6, 553.06625pt x 
704.6325pt>
File: 1.pdf Graphic file (type pdf)
 <use 1.pdf, page 6>
Package pdftex.def Info: 1.pdf, page6 used on input line 802.
(pdftex.def)             Requested size: 597.57271pt x 761.33585pt.
File: 1.pdf Graphic file (type pdf)

<use 1.pdf, page 6>
Package pdftex.def Info: 1.pdf, page6 used on input line 802.
(pdftex.def)             Requested size: 597.57271pt x 761.33585pt.
File: 1.pdf Graphic file (type pdf)
 <use 1.pdf, page 6>
Package pdftex.def Info: 1.pdf, page6 used on input line 802.
(pdftex.def)             Requested size: 597.57271pt x 761.33585pt.
 [27 <D:/ctexæ–‡ä»¶/æ¯•ä¸šè®¾è®¡/1.pdf>] <1.pdf, id=256, page=7, 553.06625pt x 
704.6325pt>
File: 1.pdf Graphic file (type pdf)
 <use 1.pdf, page 7>
Package pdftex.def Info: 1.pdf, page7 used on input line 802.
(pdftex.def)             Requested size: 597.57271pt x 761.33585pt.
File: 1.pdf Graphic file (type pdf)

<use 1.pdf, page 7>
Package pdftex.def Info: 1.pdf, page7 used on input line 802.
(pdftex.def)             Requested size: 597.57271pt x 761.33585pt.
File: 1.pdf Graphic file (type pdf)
 <use 1.pdf, page 7>
Package pdftex.def Info: 1.pdf, page7 used on input line 802.
(pdftex.def)             Requested size: 597.57271pt x 761.33585pt.
 [28 <D:/ctexæ–‡ä»¶/æ¯•ä¸šè®¾è®¡/1.pdf>] <1.pdf, id=260, page=8, 553.06625pt x 
704.6325pt>
File: 1.pdf Graphic file (type pdf)
 <use 1.pdf, page 8>
Package pdftex.def Info: 1.pdf, page8 used on input line 802.
(pdftex.def)             Requested size: 597.57271pt x 761.33585pt.
File: 1.pdf Graphic file (type pdf)

<use 1.pdf, page 8>
Package pdftex.def Info: 1.pdf, page8 used on input line 802.
(pdftex.def)             Requested size: 597.57271pt x 761.33585pt.
File: 1.pdf Graphic file (type pdf)
 <use 1.pdf, page 8>
Package pdftex.def Info: 1.pdf, page8 used on input line 802.
(pdftex.def)             Requested size: 597.57271pt x 761.33585pt.
 [29 <D:/ctexæ–‡ä»¶/æ¯•ä¸šè®¾è®¡/1.pdf>] <1.pdf, id=267, page=9, 553.06625pt x 
704.6325pt>
File: 1.pdf Graphic file (type pdf)
 <use 1.pdf, page 9>
Package pdftex.def Info: 1.pdf, page9 used on input line 802.
(pdftex.def)             Requested size: 597.57271pt x 761.33585pt.
File: 1.pdf Graphic file (type pdf)

<use 1.pdf, page 9>
Package pdftex.def Info: 1.pdf, page9 used on input line 802.
(pdftex.def)             Requested size: 597.57271pt x 761.33585pt.
File: 1.pdf Graphic file (type pdf)
 <use 1.pdf, page 9>
Package pdftex.def Info: 1.pdf, page9 used on input line 802.
(pdftex.def)             Requested size: 597.57271pt x 761.33585pt.
 [30 <D:/ctexæ–‡ä»¶/æ¯•ä¸šè®¾è®¡/1.pdf>] <1.pdf, id=271, page=10, 553.06625pt x
 704.6325pt>
File: 1.pdf Graphic file (type pdf)
 <use 1.pdf, page 10>
Package pdftex.def Info: 1.pdf, page10 used on input line 802.
(pdftex.def)             Requested size: 597.57271pt x 761.33585pt.
File: 1.pdf Graphic file (type pdf)

<use 1.pdf, page 10>
Package pdftex.def Info: 1.pdf, page10 used on input line 802.
(pdftex.def)             Requested size: 597.57271pt x 761.33585pt.
File: 1.pdf Graphic file (type pdf)
 <use 1.pdf, page 10>
Package pdftex.def Info: 1.pdf, page10 used on input line 802.
(pdftex.def)             Requested size: 597.57271pt x 761.33585pt.
 [31 <D:/ctexæ–‡ä»¶/æ¯•ä¸šè®¾è®¡/1.pdf>] <1.pdf, id=277, page=11, 553.06625pt x
 704.6325pt>
File: 1.pdf Graphic file (type pdf)
 <use 1.pdf, page 11>
Package pdftex.def Info: 1.pdf, page11 used on input line 802.
(pdftex.def)             Requested size: 597.57271pt x 761.33585pt.
File: 1.pdf Graphic file (type pdf)

<use 1.pdf, page 11>
Package pdftex.def Info: 1.pdf, page11 used on input line 802.
(pdftex.def)             Requested size: 597.57271pt x 761.33585pt.
File: 1.pdf Graphic file (type pdf)
 <use 1.pdf, page 11>
Package pdftex.def Info: 1.pdf, page11 used on input line 802.
(pdftex.def)             Requested size: 597.57271pt x 761.33585pt.
 [32 <D:/ctexæ–‡ä»¶/æ¯•ä¸šè®¾è®¡/1.pdf>] <1.pdf, id=282, page=12, 553.06625pt x
 704.6325pt>
File: 1.pdf Graphic file (type pdf)
 <use 1.pdf, page 12>
Package pdftex.def Info: 1.pdf, page12 used on input line 802.
(pdftex.def)             Requested size: 597.57271pt x 761.33585pt.
File: 1.pdf Graphic file (type pdf)

<use 1.pdf, page 12>
Package pdftex.def Info: 1.pdf, page12 used on input line 802.
(pdftex.def)             Requested size: 597.57271pt x 761.33585pt.
File: 1.pdf Graphic file (type pdf)
 <use 1.pdf, page 12>
Package pdftex.def Info: 1.pdf, page12 used on input line 802.
(pdftex.def)             Requested size: 597.57271pt x 761.33585pt.
 [33 <D:/ctexæ–‡ä»¶/æ¯•ä¸šè®¾è®¡/1.pdf>] <1.pdf, id=287, page=13, 553.06625pt x
 704.6325pt>
File: 1.pdf Graphic file (type pdf)
 <use 1.pdf, page 13>
Package pdftex.def Info: 1.pdf, page13 used on input line 802.
(pdftex.def)             Requested size: 597.57271pt x 761.33585pt.
File: 1.pdf Graphic file (type pdf)

<use 1.pdf, page 13>
Package pdftex.def Info: 1.pdf, page13 used on input line 802.
(pdftex.def)             Requested size: 597.57271pt x 761.33585pt.
File: 1.pdf Graphic file (type pdf)
 <use 1.pdf, page 13>
Package pdftex.def Info: 1.pdf, page13 used on input line 802.
(pdftex.def)             Requested size: 597.57271pt x 761.33585pt.
 [34 <D:/ctexæ–‡ä»¶/æ¯•ä¸šè®¾è®¡/1.pdf>] [35] (D:\ctexæ–‡ä»¶\æ¯•ä¸šè®¾è®¡\gradu
ation.aux) ) 
Here is how much of TeX's memory you used:
 12995 strings out of 495354
 206845 string characters out of 3183860
 275113 words of memory out of 3000000
 15831 multiletter control sequences out of 15000+200000
 49575 words of font info for 170 fonts, out of 3000000 for 9000
 14 hyphenation exceptions out of 8191
 40i,18n,44p,1365b,757s stack positions out of 5000i,500n,10000p,200000b,50000s
<C:/WINDOWS/Fonts/simhei.ttf><C:/WINDOWS/Fonts/simkai.ttf><C:/WINDO
WS/Fonts/simkai.ttf><C:/WINDOWS/Fonts/simkai.ttf><C:/WINDOWS/Fonts/simkai.ttf><
C:/WINDOWS/Fonts/simkai.ttf><C:/WINDOWS/Fonts/simkai.ttf><C:/WINDOWS/Fonts/simk
ai.ttf><C:/WINDOWS/Fonts/simkai.ttf><C:/WINDOWS/Fonts/simkai.ttf><C:/WINDOWS/Fo
nts/simkai.ttf><C:/WINDOWS/Fonts/simkai.ttf><C:/WINDOWS/Fonts/simkai.ttf><C:/WI
NDOWS/Fonts/simkai.ttf><C:/WINDOWS/Fonts/simkai.ttf><C:/WINDOWS/Fonts/simkai.tt
f><C:/WINDOWS/Fonts/simkai.ttf><C:/WINDOWS/Fonts/simkai.ttf><C:/WINDOWS/Fonts/s
imkai.ttf><C:/WINDOWS/Fonts/simkai.ttf><C:/WINDOWS/Fonts/simkai.ttf><C:/WINDOWS
/Fonts/simkai.ttf><C:/WINDOWS/Fonts/simkai.ttf><C:/WINDOWS/Fonts/simkai.ttf><C:
/WINDOWS/Fonts/simkai.ttf><C:/WINDOWS/Fonts/simkai.ttf><C:/WINDOWS/Fonts/simkai
.ttf><C:/WINDOWS/Fonts/simkai.ttf><C:/WINDOWS/Fonts/simkai.ttf><C:/WINDOWS/Font
s/simkai.ttf><C:/WINDOWS/Fonts/simkai.ttf><C:/WINDOWS/Fonts/simkai.ttf><C:/WIND
OWS/Fonts/simhei.ttf><C:/WINDOWS/Fonts/simhei.ttf><C:/WINDOWS/Fonts/simhei.ttf>
<C:/WINDOWS/Fonts/simsun.ttc><C:/WINDOWS/Fonts/simsun.ttc><C:/WINDOWS/Fonts/sim
sun.ttc><C:/WINDOWS/Fonts/simsun.ttc><C:/WINDOWS/Fonts/simsun.ttc><C:/WINDOWS/F
onts/simsun.ttc><C:/WINDOWS/Fonts/simsun.ttc><C:/WINDOWS/Fonts/simsun.ttc><C:/W
INDOWS/Fonts/simsun.ttc><C:/WINDOWS/Fonts/simhei.ttf><C:/WINDOWS/Fonts/simhei.t
tf><C:/WINDOWS/Fonts/simhei.ttf><C:/WINDOWS/Fonts/simhei.ttf><C:/WINDOWS/Fonts/
simhei.ttf><C:/WINDOWS/Fonts/simhei.ttf><C:/WINDOWS/Fonts/simhei.ttf><C:/WINDOW
S/Fonts/simsun.ttc><C:/WINDOWS/Fonts/simhei.ttf><C:/WINDOWS/Fonts/simhei.ttf><C
:/WINDOWS/Fonts/simsun.ttc><C:/WINDOWS/Fonts/simsun.ttc><C:/WINDOWS/Fonts/simsu
n.ttc><C:/WINDOWS/Fonts/simsun.ttc><C:/WINDOWS/Fonts/simsun.ttc><C:/WINDOWS/Fon
ts/simsun.ttc><C:/WINDOWS/Fonts/simsun.ttc><C:/WINDOWS/Fonts/simsun.ttc><C:/WIN
DOWS/Fonts/simsun.ttc><C:/WINDOWS/Fonts/simsun.ttc><C:/WINDOWS/Fonts/simsun.ttc
><C:/WINDOWS/Fonts/simsun.ttc><C:/WINDOWS/Fonts/simsun.ttc><C:/WINDOWS/Fonts/si
mhei.ttf><C:/WINDOWS/Fonts/simhei.ttf><C:/WINDOWS/Fonts/simhei.ttf><C:/WINDOWS/
Fonts/simhei.ttf><C:/WINDOWS/Fonts/simhei.ttf><C:/WINDOWS/Fonts/simhei.ttf><C:/
WINDOWS/Fonts/simhei.ttf><C:/WINDOWS/Fonts/simhei.ttf><C:/WINDOWS/Fonts/simhei.
ttf><C:/WINDOWS/Fonts/simhei.ttf><C:/WINDOWS/Fonts/simsun.ttc><C:/WINDOWS/Fonts
/simsun.ttc><C:/WINDOWS/Fonts/simsun.ttc><C:/WINDOWS/Fonts/simsun.ttc><C:/WINDO
WS/Fonts/simsun.ttc><C:/WINDOWS/Fonts/simsun.ttc><C:/WINDOWS/Fonts/simsun.ttc><
C:/WINDOWS/Fonts/simsun.ttc><C:/WINDOWS/Fonts/simsun.ttc><C:/WINDOWS/Fonts/sims
un.ttc><D:/CTEX/MiKTeX/fonts/type1/public/amsfonts/cm/cmbx10.pfb><D:/CTEX/MiKTe
X/fonts/type1/public/amsfonts/cm/cmbx12.pfb><D:/CTEX/MiKTeX/fonts/type1/public/
amsfonts/cm/cmbx7.pfb><D:/CTEX/MiKTeX/fonts/type1/public/amsfonts/cm/cmbxti10.p
fb><D:/CTEX/MiKTeX/fonts/type1/public/amsfonts/cm/cmex10.pfb><D:/CTEX/MiKTeX/fo
nts/type1/public/amsfonts/cm/cmmi10.pfb><D:/CTEX/MiKTeX/fonts/type1/public/amsf
onts/cm/cmmi5.pfb><D:/CTEX/MiKTeX/fonts/type1/public/amsfonts/cm/cmmi7.pfb><D:/
CTEX/MiKTeX/fonts/type1/public/amsfonts/cm/cmr10.pfb><D:/CTEX/MiKTeX/fonts/type
1/public/amsfonts/cm/cmr5.pfb><D:/CTEX/MiKTeX/fonts/type1/public/amsfonts/cm/cm
r7.pfb><D:/CTEX/MiKTeX/fonts/type1/public/amsfonts/cm/cmsy10.pfb><D:/CTEX/MiKTe
X/fonts/type1/public/amsfonts/cm/cmsy5.pfb><D:/CTEX/MiKTeX/fonts/type1/public/a
msfonts/cm/cmsy7.pfb><D:/CTEX/MiKTeX/fonts/type1/public/amsfonts/cm/cmti10.pfb>
<D:/CTEX/MiKTeX/fonts/type1/public/amsfonts/symbols/msbm10.pfb>
Output written on graduation.pdf (35 pages, 1553951 bytes).
PDF statistics:
 605 PDF objects out of 1000 (max. 8388607)
 0 named destinations out of 1000 (max. 500000)
 131 words of extra memory for PDF output out of 10000 (max. 10000000)

